2024-11-14 14:00:20,875 - ApiData - INFO - Starting to get data...
2024-11-14 14:00:20,875 - DataClient - INFO - Starting client polling...
2024-11-14 14:00:20,875 - DataClient - ERROR - Data file not found.
2024-11-14 14:00:21,009 - ApiData - INFO - Response JSON: {'bitcoin': {'usd': 91221}}
2024-11-14 14:00:21,009 - ApiData - INFO - Generated data - Timestamp: 14-11-2024 14:00:21, Price: 91221
2024-11-14 14:00:22,917 - DataClient - INFO - New data - Timestamp: 14-11-2024 14:00:21, Price: 91221
2024-11-14 14:00:31,109 - ApiData - INFO - Response JSON: {'bitcoin': {'usd': 91221}}
2024-11-14 14:00:31,109 - ApiData - INFO - Generated data - Timestamp: 14-11-2024 14:00:31, Price: 91221
2024-11-14 14:00:32,923 - DataClient - INFO - New data - Timestamp: 14-11-2024 14:00:31, Price: 91221
2024-11-14 14:00:41,174 - ApiData - INFO - Response JSON: {'bitcoin': {'usd': 91221}}
2024-11-14 14:00:41,174 - ApiData - INFO - Generated data - Timestamp: 14-11-2024 14:00:41, Price: 91221
2024-11-14 14:00:42,956 - DataClient - INFO - New data - Timestamp: 14-11-2024 14:00:41, Price: 91221
2024-11-14 14:00:51,249 - ApiData - INFO - Response JSON: {'bitcoin': {'usd': 91350}}
2024-11-14 14:00:51,249 - ApiData - INFO - Generated data - Timestamp: 14-11-2024 14:00:51, Price: 91350
2024-11-14 14:00:53,284 - DataClient - INFO - New data - Timestamp: 14-11-2024 14:00:51, Price: 91350
2024-11-14 14:01:01,318 - ApiData - INFO - Response JSON: {'bitcoin': {'usd': 91350}}
2024-11-14 14:01:01,318 - ApiData - INFO - Generated data - Timestamp: 14-11-2024 14:01:01, Price: 91350
2024-11-14 14:01:03,335 - DataClient - INFO - New data - Timestamp: 14-11-2024 14:01:01, Price: 91350
2024-11-14 14:01:11,403 - ApiData - INFO - Response JSON: {'bitcoin': {'usd': 91350}}
2024-11-14 14:01:11,404 - ApiData - INFO - Generated data - Timestamp: 14-11-2024 14:01:11, Price: 91350
2024-11-14 14:01:13,368 - DataClient - INFO - New data - Timestamp: 14-11-2024 14:01:11, Price: 91350
2024-11-14 14:01:21,521 - ApiData - INFO - Response JSON: {'bitcoin': {'usd': 91350}}
2024-11-14 14:01:21,521 - ApiData - INFO - Generated data - Timestamp: 14-11-2024 14:01:21, Price: 91350
2024-11-14 14:01:23,383 - DataClient - INFO - New data - Timestamp: 14-11-2024 14:01:21, Price: 91350
2024-11-14 14:01:31,659 - ApiData - INFO - Response JSON: {'bitcoin': {'usd': 91350}}
2024-11-14 14:01:31,659 - ApiData - INFO - Generated data - Timestamp: 14-11-2024 14:01:31, Price: 91350
2024-11-14 14:01:33,637 - DataClient - INFO - New data - Timestamp: 14-11-2024 14:01:31, Price: 91350
2024-11-14 14:01:41,747 - ApiData - INFO - Response JSON: {'status': {'error_code': 429, 'error_message': "You've exceeded the Rate Limit. Please visit https://www.coingecko.com/en/api/pricing to subscribe to our API plans for higher rate limits."}}
2024-11-14 14:01:41,749 - ApiData - ERROR - Error obtaining or processing data: 'bitcoin'
2024-11-14 14:01:41,750 - ApiData - WARNING - No data received, retrying...
2024-11-14 14:01:51,801 - ApiData - INFO - Response JSON: {'status': {'error_code': 429, 'error_message': "You've exceeded the Rate Limit. Please visit https://www.coingecko.com/en/api/pricing to subscribe to our API plans for higher rate limits."}}
2024-11-14 14:01:51,801 - ApiData - ERROR - Error obtaining or processing data: 'bitcoin'
2024-11-14 14:01:51,801 - ApiData - WARNING - No data received, retrying...
